<?xml version="1.0" encoding="UTF-8"?>
<testng-results skipped="0" failed="0" total="1" passed="1">
  <reporter-output>
  </reporter-output>
  <suite name="Default suite" duration-ms="97" started-at="2019-03-01T07:12:07Z" finished-at="2019-03-01T07:12:07Z">
    <groups>
    </groups>
    <test name="Default test" duration-ms="97" started-at="2019-03-01T07:12:07Z" finished-at="2019-03-01T07:12:07Z">
      <class name="Test">
        <test-method status="PASS" signature="main()[pri:0, instance:Test@482f8f11]" name="main" duration-ms="39" started-at="2019-03-01T12:42:07Z" finished-at="2019-03-01T12:42:07Z">
          <reporter-output>
          </reporter-output>
        </test-method> <!-- main -->
      </class> <!-- Test -->
    </test> <!-- Default test -->
  </suite> <!-- Default suite -->
</testng-results>
